<?xml version="1.0" encoding="UTF-8"?>
<!-- Generated by org.testng.reporters.JUnitReportReporter -->
<testsuite hostname="DESKTOP-M2M0K2M" failures="0" tests="1" name="com.maven.testscript.CustomerModule" time="0.025" errors="0" timestamp="2024-08-12T15:10:02 IST" skipped="0">
  <testcase classname="com.maven.testscript.CustomerModule" name="createCustomer" time="0.025">
    <system-out>
      <![CDATA[hii]]>
    </system-out>
  </testcase> <!-- createCustomer -->
  <system-out>
    <![CDATA[hii]]>
  </system-out>
</testsuite> <!-- com.maven.testscript.CustomerModule -->
